<?xml version="1.0" encoding="UTF-8"?>
<robot generator="Robot 7.0 (Python 3.10.11 on win32)" generated="2024-09-21T11:59:52.396242" rpa="false" schemaversion="5">
<suite id="s1" name="Login" source="D:\Robotframework\loginProject\TestCases\Login.robot">
<test id="s1-t1" name="LoginTest" line="8">
<kw name="Open Browser" owner="SeleniumLibrary">
<msg time="2024-09-21T11:59:52.746369" level="INFO">Opening browser 'chrome' to base url 'https://vm-qc-rt-5.iongroup.net/ClientPortal/login.aspx'.</msg>
<arg>${url}</arg>
<arg>${browser}</arg>
<doc>Opens a new browser instance to the optional ``url``.</doc>
<status status="PASS" start="2024-09-21T11:59:52.746369" elapsed="8.467551"/>
</kw>
<kw name="Maximize Browser Window" owner="SeleniumLibrary">
<doc>Maximizes current browser window.</doc>
<status status="PASS" start="2024-09-21T12:00:01.239301" elapsed="3.482566"/>
</kw>
<kw name="ClientPortalLogin">
<kw name="Input Text" owner="SeleniumLibrary">
<msg time="2024-09-21T12:00:04.770357" level="INFO">Typing text 'fss' into text field 'id:ctl00_MasterPageContent_txtUserName'.</msg>
<arg>${txtUsername}</arg>
<arg>fss</arg>
<doc>Types the given ``text`` into the text field identified by ``locator``.</doc>
<status status="PASS" start="2024-09-21T12:00:04.764270" elapsed="0.551315"/>
</kw>
<kw name="Input Text" owner="SeleniumLibrary">
<msg time="2024-09-21T12:00:05.316595" level="INFO">Typing text 'fssfss' into text field 'id:ctl00_MasterPageContent_txtPassword'.</msg>
<arg>id:ctl00_MasterPageContent_txtPassword</arg>
<arg>fssfss</arg>
<doc>Types the given ``text`` into the text field identified by ``locator``.</doc>
<status status="PASS" start="2024-09-21T12:00:05.316595" elapsed="0.644520"/>
</kw>
<kw name="Click Element" owner="SeleniumLibrary">
<msg time="2024-09-21T12:00:05.961115" level="INFO">Clicking element 'xpath://input[@id='ctl00_MasterPageContent_btnSubmit']'.</msg>
<arg>xpath://input[@id='ctl00_MasterPageContent_btnSubmit']</arg>
<doc>Click the element identified by ``locator``.</doc>
<status status="PASS" start="2024-09-21T12:00:05.961115" elapsed="44.536160"/>
</kw>
<status status="PASS" start="2024-09-21T12:00:04.764270" elapsed="45.734003"/>
</kw>
<status status="PASS" start="2024-09-21T11:59:52.746369" elapsed="57.751904"/>
</test>
<status status="PASS" start="2024-09-21T11:59:52.410852" elapsed="58.089428"/>
</suite>
<statistics>
<total>
<stat pass="1" fail="0" skip="0">All Tests</stat>
</total>
<tag>
</tag>
<suite>
<stat pass="1" fail="0" skip="0" id="s1" name="Login">Login</stat>
</suite>
</statistics>
<errors>
</errors>
</robot>
